<?xml version="1.0" encoding="UTF-8"?>
<testsuite name="CabInvoiceGeneratorTest" tests="1" skipped="0" failures="0" errors="0" timestamp="2022-09-18T19:57:55" hostname="DESKTOP-4DL0KT5" time="0.026">
  <properties/>
  <testcase name="givenMultipleRides_ShouldReturnTotalFare()" classname="CabInvoiceGeneratorTest" time="0.026"/>
  <system-out><![CDATA[]]></system-out>
  <system-err><![CDATA[]]></system-err>
</testsuite>
