<?xml version="1.0" encoding="UTF-8"?>
<testsuite name="CabInvoiceGeneratorTest" tests="1" skipped="0" failures="0" errors="0" timestamp="2022-09-18T20:14:38" hostname="DESKTOP-4DL0KT5" time="0.024">
  <properties/>
  <testcase name="givenMultipleRides_shouldReturnInvoiceSummary()" classname="CabInvoiceGeneratorTest" time="0.024"/>
  <system-out><![CDATA[]]></system-out>
  <system-err><![CDATA[]]></system-err>
</testsuite>
